<?xml version="1.0" encoding="UTF-8"?>
<!-- Generated by org.testng.reporters.JUnitReportReporter -->
<testsuite hostname="Raghu" failures="0" tests="1" name="Scenario_Component.LaunchUrl" time="6.514" errors="0" timestamp="10 Oct 2020 02:42:10 GMT" skipped="0">
  <testcase classname="Scenario_Component.LaunchUrl" name="testLogin" time="6.514"/>
</testsuite> <!-- Scenario_Component.LaunchUrl -->
