<?xml version="1.0" encoding="UTF-8"?>
<!-- Generated by org.testng.reporters.JUnitReportReporter -->
<testsuite hostname="Raghu" failures="0" tests="1" name="Scenario_Component.LaunchUrl" time="0.561" errors="0" timestamp="11 Oct 2020 10:09:18 GMT" skipped="0">
  <testcase classname="Scenario_Component.LaunchUrl" name="testLogin" time="0.561"/>
</testsuite> <!-- Scenario_Component.LaunchUrl -->
