<?xml version="1.0" encoding="UTF-8"?>
<!-- Generated by org.testng.reporters.JUnitReportReporter -->
<testsuite skipped="0" hostname="agi-lt-882" name="Scenario_Component.LaunchUrl" tests="5" failures="0" timestamp="11 Nov 2020 02:17:05 GMT" time="65.436" errors="0">
  <testcase name="testLaunchUrl" time="0.139" classname="Scenario_Component.LaunchUrl"/>
  <testcase name="testLoginLogout" time="12.339" classname="Scenario_Component.LaunchUrl"/>
  <testcase name="testAerRegistration" time="13.330" classname="Scenario_Component.LaunchUrl"/>
  <testcase name="testCaseIntake" time="6.803" classname="Scenario_Component.LaunchUrl"/>
  <testcase name="testFullDataEntry" time="32.825" classname="Scenario_Component.LaunchUrl"/>
</testsuite> <!-- Scenario_Component.LaunchUrl -->
